<?xml version="1.0" encoding="UTF-8"?>
<!-- Generated by org.testng.reporters.JUnitReportReporter -->
<testsuite hostname="kuldy" name="com.crm.qa.testcasespack.DateProblem" tests="1" failures="0" timestamp="5 May 2019 17:44:23 GMT" time="0.156" errors="0">
  <testcase name="newpro" time="0.156" classname="com.crm.qa.testcasespack.DateProblem"/>
</testsuite> <!-- com.crm.qa.testcasespack.DateProblem -->
