<?xml version="1.0" encoding="UTF-8"?>
<!-- Generated by org.testng.reporters.JUnitReportReporter -->
<testsuite hostname="kuldy" name="com.crm.qa.basepack.LoginPageTest" tests="4" failures="0" timestamp="26 Mar 2019 12:48:08 GMT" time="38.603" errors="0">
  <testcase name="validateLogin" time="12.782" classname="com.crm.qa.basepack.LoginPageTest"/>
  <testcase name="validateRememberUserName" time="8.159" classname="com.crm.qa.basepack.LoginPageTest"/>
  <testcase name="validateTitle" time="10.786" classname="com.crm.qa.basepack.LoginPageTest"/>
  <testcase name="validateLoginLogo" time="6.876" classname="com.crm.qa.basepack.LoginPageTest"/>
</testsuite> <!-- com.crm.qa.basepack.LoginPageTest -->
