<?xml version="1.0" encoding="UTF-8"?>
<!-- Generated by org.testng.reporters.JUnitReportReporter -->
<testsuite hostname="kuldy" name="com.crm.qa.testcasespack.HomePageTest" tests="6" failures="0" timestamp="10 May 2019 10:14:44 GMT" time="83.481" errors="0">
  <testcase name="validateAddText" time="10.941" classname="com.crm.qa.testcasespack.HomePageTest"/>
  <testcase name="validatePeopleAndOrganisations" time="14.258" classname="com.crm.qa.testcasespack.HomePageTest"/>
  <testcase name="validateCalendarAndTasks" time="14.353" classname="com.crm.qa.testcasespack.HomePageTest"/>
  <testcase name="validatedashBoardButton" time="13.059" classname="com.crm.qa.testcasespack.HomePageTest"/>
  <testcase name="validateCases" time="18.038" classname="com.crm.qa.testcasespack.HomePageTest"/>
  <testcase name="validateSalesPipeline" time="12.832" classname="com.crm.qa.testcasespack.HomePageTest"/>
</testsuite> <!-- com.crm.qa.testcasespack.HomePageTest -->
