<?xml version="1.0" encoding="UTF-8"?>
<!-- Generated by org.testng.reporters.JUnitReportReporter -->
<testsuite hostname="kuldy" name="com.crm.qa.testcasespack.checkTest" tests="4" failures="0" timestamp="10 Apr 2019 14:49:21 GMT" time="65.276" errors="0">
  <testcase name="addNewPersonTest" time="13.658" classname="com.crm.qa.testcasespack.checkTest"/>
  <testcase name="addNewPersonTest" time="15.665" classname="com.crm.qa.testcasespack.checkTest"/>
  <testcase name="addNewPersonTest" time="22.139" classname="com.crm.qa.testcasespack.checkTest"/>
  <testcase name="addNewPersonTest" time="13.814" classname="com.crm.qa.testcasespack.checkTest"/>
</testsuite> <!-- com.crm.qa.testcasespack.checkTest -->
