<?xml version="1.0" encoding="UTF-8"?>
<!-- Generated by org.testng.reporters.JUnitReportReporter -->
<testsuite hostname="kuldy" name="com.crm.qa.testcasespack.PeopleAndOrganisationsTest" tests="9" failures="0" timestamp="24 Apr 2019 06:59:08 GMT" time="171.083" errors="0">
  <testcase name="addNewPersonTest" time="25.649" classname="com.crm.qa.testcasespack.PeopleAndOrganisationsTest"/>
  <testcase name="deletePersonTest" time="13.604" classname="com.crm.qa.testcasespack.PeopleAndOrganisationsTest"/>
  <testcase name="addNewPersonTest" time="24.105" classname="com.crm.qa.testcasespack.PeopleAndOrganisationsTest"/>
  <testcase name="validateAddPerson" time="15.692" classname="com.crm.qa.testcasespack.PeopleAndOrganisationsTest"/>
  <testcase name="deletePersonTest" time="14.585" classname="com.crm.qa.testcasespack.PeopleAndOrganisationsTest"/>
  <testcase name="deletePersonTest" time="14.159" classname="com.crm.qa.testcasespack.PeopleAndOrganisationsTest"/>
  <testcase name="addNewPersonTest" time="25.231" classname="com.crm.qa.testcasespack.PeopleAndOrganisationsTest"/>
  <testcase name="deletePersonTest" time="13.884" classname="com.crm.qa.testcasespack.PeopleAndOrganisationsTest"/>
  <testcase name="addNewPersonTest" time="24.174" classname="com.crm.qa.testcasespack.PeopleAndOrganisationsTest"/>
</testsuite> <!-- com.crm.qa.testcasespack.PeopleAndOrganisationsTest -->
