<?xml version="1.0" encoding="UTF-8"?>
<!-- Generated by org.testng.reporters.JUnitReportReporter -->
<testsuite hostname="kuldy" name="com.crm.qa.testcasespack.LoginPageTest" tests="4" failures="0" timestamp="24 Apr 2019 06:59:08 GMT" time="38.382" errors="0">
  <testcase name="validateRememberUserName" time="6.610" classname="com.crm.qa.testcasespack.LoginPageTest"/>
  <testcase name="validateTitle" time="12.283" classname="com.crm.qa.testcasespack.LoginPageTest"/>
  <testcase name="validateLogin" time="13.067" classname="com.crm.qa.testcasespack.LoginPageTest"/>
  <testcase name="validateLoginLogo" time="6.422" classname="com.crm.qa.testcasespack.LoginPageTest"/>
</testsuite> <!-- com.crm.qa.testcasespack.LoginPageTest -->
