<?xml version="1.0" encoding="UTF-8"?>
<!-- Generated by org.testng.reporters.JUnitReportReporter -->
<testsuite skipped="0" hostname="kuldy" name="com.crm.qa.testcasespack.PeopleAndOrganisationsTest" tests="1" failures="0" timestamp="24 Apr 2019 07:13:00 GMT" time="15.142" errors="0">
  <testcase name="validateAddPerson" time="15.142" classname="com.crm.qa.testcasespack.PeopleAndOrganisationsTest"/>
</testsuite> <!-- com.crm.qa.testcasespack.PeopleAndOrganisationsTest -->
