<?xml version="1.0" encoding="UTF-8"?>
<!-- Generated by org.testng.reporters.JUnitReportReporter -->
<testsuite skipped="0" hostname="kuldy" name="com.crm.qa.testcasespack.AddTaskPageTest" tests="3" failures="0" timestamp="24 Apr 2019 07:13:00 GMT" time="57.041" errors="0">
  <testcase name="submitAddTask" time="19.991" classname="com.crm.qa.testcasespack.AddTaskPageTest"/>
  <testcase name="submitAddTask" time="18.665" classname="com.crm.qa.testcasespack.AddTaskPageTest"/>
  <testcase name="submitAddTask" time="18.385" classname="com.crm.qa.testcasespack.AddTaskPageTest"/>
</testsuite> <!-- com.crm.qa.testcasespack.AddTaskPageTest -->
