<?xml version="1.0" encoding="UTF-8"?>
<!-- Generated by org.testng.reporters.JUnitReportReporter -->
<testsuite skipped="0" hostname="kuldy" name="com.crm.qa.testcasespack.HomePageTest" tests="6" failures="0" timestamp="14 Mar 2019 12:09:26 GMT" time="109.144" errors="0">
  <testcase name="validateCases" time="13.557" classname="com.crm.qa.testcasespack.HomePageTest"/>
  <testcase name="validateCalendarAndTasks" time="40.131" classname="com.crm.qa.testcasespack.HomePageTest"/>
  <testcase name="validatePeopleAndOrganisations" time="15.590" classname="com.crm.qa.testcasespack.HomePageTest"/>
  <testcase name="validatedashBoardButton" time="11.823" classname="com.crm.qa.testcasespack.HomePageTest"/>
  <testcase name="validateSalesPipeline" time="16.945" classname="com.crm.qa.testcasespack.HomePageTest"/>
  <testcase name="validateAddText" time="11.098" classname="com.crm.qa.testcasespack.HomePageTest"/>
</testsuite> <!-- com.crm.qa.testcasespack.HomePageTest -->
