<?xml version="1.0" encoding="UTF-8"?>
<!-- Generated by org.testng.reporters.JUnitReportReporter -->
<testsuite skipped="0" hostname="kuldy" name="com.crm.qa.testcasespack.PeopleAndOrganisationsTest" tests="5" failures="0" timestamp="14 Mar 2019 12:09:26 GMT" time="125.993" errors="0">
  <testcase name="addNewPersonTest" time="27.930" classname="com.crm.qa.testcasespack.PeopleAndOrganisationsTest"/>
  <testcase name="validateAddPerson" time="14.643" classname="com.crm.qa.testcasespack.PeopleAndOrganisationsTest"/>
  <testcase name="addNewPersonTest" time="27.867" classname="com.crm.qa.testcasespack.PeopleAndOrganisationsTest"/>
  <testcase name="addNewPersonTest" time="28.201" classname="com.crm.qa.testcasespack.PeopleAndOrganisationsTest"/>
  <testcase name="addNewPersonTest" time="27.352" classname="com.crm.qa.testcasespack.PeopleAndOrganisationsTest"/>
</testsuite> <!-- com.crm.qa.testcasespack.PeopleAndOrganisationsTest -->
