<?xml version="1.0" encoding="UTF-8"?>
<!-- Generated by org.testng.reporters.JUnitReportReporter -->
<testsuite skipped="0" hostname="kuldy" name="com.crm.qa.testcasespack.AddTaskPageTest" tests="3" failures="0" timestamp="14 Mar 2019 10:14:39 GMT" time="73.633" errors="0">
  <testcase name="submitAddTask" time="24.168" classname="com.crm.qa.testcasespack.AddTaskPageTest"/>
  <testcase name="submitAddTask" time="24.464" classname="com.crm.qa.testcasespack.AddTaskPageTest"/>
  <testcase name="submitAddTask" time="25.001" classname="com.crm.qa.testcasespack.AddTaskPageTest"/>
</testsuite> <!-- com.crm.qa.testcasespack.AddTaskPageTest -->
