<?xml version="1.0" encoding="UTF-8"?>
<!-- Generated by org.testng.reporters.JUnitReportReporter -->
<testsuite skipped="0" hostname="kuldy" name="com.crm.qa.testcasespack.HomePageTest" tests="6" failures="0" timestamp="24 Apr 2019 07:13:00 GMT" time="101.636" errors="0">
  <testcase name="validateAddText" time="14.348" classname="com.crm.qa.testcasespack.HomePageTest"/>
  <testcase name="validateCalendarAndTasks" time="15.895" classname="com.crm.qa.testcasespack.HomePageTest"/>
  <testcase name="validateCases" time="14.958" classname="com.crm.qa.testcasespack.HomePageTest"/>
  <testcase name="validateSalesPipeline" time="14.361" classname="com.crm.qa.testcasespack.HomePageTest"/>
  <testcase name="validatePeopleAndOrganisations" time="21.188" classname="com.crm.qa.testcasespack.HomePageTest"/>
  <testcase name="validatedashBoardButton" time="20.886" classname="com.crm.qa.testcasespack.HomePageTest"/>
</testsuite> <!-- com.crm.qa.testcasespack.HomePageTest -->
