<?xml version="1.0" encoding="UTF-8"?>
<!-- Generated by org.testng.reporters.JUnitReportReporter -->
<testsuite skipped="0" hostname="kuldy" name="com.crm.qa.testcasespack.HomePageTest" tests="6" failures="0" timestamp="14 Mar 2019 10:14:39 GMT" time="133.149" errors="0">
  <testcase name="validateCases" time="17.660" classname="com.crm.qa.testcasespack.HomePageTest"/>
  <testcase name="validateCalendarAndTasks" time="48.807" classname="com.crm.qa.testcasespack.HomePageTest"/>
  <testcase name="validatePeopleAndOrganisations" time="17.687" classname="com.crm.qa.testcasespack.HomePageTest"/>
  <testcase name="validatedashBoardButton" time="13.585" classname="com.crm.qa.testcasespack.HomePageTest"/>
  <testcase name="validateSalesPipeline" time="18.435" classname="com.crm.qa.testcasespack.HomePageTest"/>
  <testcase name="validateAddText" time="16.975" classname="com.crm.qa.testcasespack.HomePageTest"/>
</testsuite> <!-- com.crm.qa.testcasespack.HomePageTest -->
